<?xml version="1.0" encoding="UTF-8"?>
<testng-results ignored="0" total="6" passed="6" failed="0" skipped="0">
  <reporter-output>
  </reporter-output>
  <suite started-at="2023-03-21T19:52:17 MSK" name="REST_API" finished-at="2023-03-21T19:52:21 MSK" duration-ms="3745">
    <groups>
    </groups>
    <test started-at="2023-03-21T19:52:17 MSK" name="REST_API_Tests" finished-at="2023-03-21T19:52:21 MSK" duration-ms="3745">
      <class name="tests.RestAPITest">
        <test-method is-config="true" signature="before()[pri:0, instance:tests.RestAPITest@3ee37e5a]" started-at="2023-03-21T19:52:17 MSK" name="before" finished-at="2023-03-21T19:52:17 MSK" duration-ms="316" status="PASS">
          <reporter-output>
          </reporter-output>
        </test-method> <!-- before -->
        <test-method signature="correctResponsePostRequestTest()[pri:0, instance:tests.RestAPITest@3ee37e5a]" started-at="2023-03-21T19:52:17 MSK" name="correctResponsePostRequestTest" finished-at="2023-03-21T19:52:20 MSK" duration-ms="2700" status="PASS">
          <reporter-output>
          </reporter-output>
        </test-method> <!-- correctResponsePostRequestTest -->
        <test-method signature="responseCorrectTest()[pri:0, instance:tests.RestAPITest@3ee37e5a]" started-at="2023-03-21T19:52:20 MSK" name="responseCorrectTest" finished-at="2023-03-21T19:52:20 MSK" duration-ms="74" status="PASS">
          <reporter-output>
          </reporter-output>
        </test-method> <!-- responseCorrectTest -->
        <test-method signature="responseSortTest()[pri:0, instance:tests.RestAPITest@3ee37e5a]" started-at="2023-03-21T19:52:20 MSK" name="responseSortTest" finished-at="2023-03-21T19:52:20 MSK" duration-ms="97" status="PASS">
          <reporter-output>
          </reporter-output>
        </test-method> <!-- responseSortTest -->
        <test-method signature="selectedUserMatchesGivenFileTest()[pri:0, instance:tests.RestAPITest@3ee37e5a]" started-at="2023-03-21T19:52:20 MSK" name="selectedUserMatchesGivenFileTest" finished-at="2023-03-21T19:52:20 MSK" duration-ms="87" status="PASS">
          <reporter-output>
          </reporter-output>
        </test-method> <!-- selectedUserMatchesGivenFileTest -->
        <test-method signature="specifiedUserMatchesGivenFileTest()[pri:0, instance:tests.RestAPITest@3ee37e5a]" started-at="2023-03-21T19:52:20 MSK" name="specifiedUserMatchesGivenFileTest" finished-at="2023-03-21T19:52:21 MSK" duration-ms="250" status="PASS">
          <reporter-output>
          </reporter-output>
        </test-method> <!-- specifiedUserMatchesGivenFileTest -->
        <test-method signature="uncorrectedResponseTest()[pri:0, instance:tests.RestAPITest@3ee37e5a]" started-at="2023-03-21T19:52:21 MSK" name="uncorrectedResponseTest" finished-at="2023-03-21T19:52:21 MSK" duration-ms="83" status="PASS">
          <reporter-output>
          </reporter-output>
        </test-method> <!-- uncorrectedResponseTest -->
      </class> <!-- tests.RestAPITest -->
    </test> <!-- REST_API_Tests -->
  </suite> <!-- REST_API -->
</testng-results>
