<?xml version="1.0" encoding="UTF-8"?>
<testsuite xmlns:xsi="http://www.w3.org/2001/XMLSchema-instance" xsi:noNamespaceSchemaLocation="https://maven.apache.org/surefire/maven-surefire-plugin/xsd/surefire-test-report.xsd" name="TestSuite" time="5.747" tests="6" errors="0" skipped="0" failures="0">
  <properties>
[...]
</properties>
  <testcase name="correctResponsePostRequestTest" classname="tests.RestAPITest" time="2.701"/>
  <testcase name="responseCorrectTest" classname="tests.RestAPITest" time="0.082"/>
  <testcase name="responseSortTest" classname="tests.RestAPITest" time="0.097"/>
  <testcase name="selectedUserMatchesGivenFileTest" classname="tests.RestAPITest" time="0.08"/>
  <testcase name="specifiedUserMatchesGivenFileTest" classname="tests.RestAPITest" time="0.249"/>
  <testcase name="uncorrectedResponseTest" classname="tests.RestAPITest" time="0.084"/>
</testsuite>