<?xml version="1.0" encoding="UTF-8"?>
<!-- Generated by org.testng.reporters.JUnitXMLReporter -->
<testsuite ignored="4" hostname="DESKTOP-RVKO3GI" failures="0" tests="4" name="Command line test" time="9.169" errors="0" timestamp="2023-02-06T18:26:48 MSK">
  <testcase classname="tests.CookiesTest" name="test" time="2.686"/>
  <testcase classname="tests.FirstThreeCardsTest" name="test" time="4.028"/>
  <testcase classname="tests.HelpFormTest" name="test" time="0.468"/>
  <testcase classname="tests.TimerStartTimeTest" name="test" time="0.439"/>
  <testcase classname="tests.BaseTest" name="@AfterSuite after" time="0.0">
    <ignored/>
  </testcase> <!-- @AfterSuite after -->
  <testcase classname="tests.BaseTest" name="@AfterSuite after" time="0.0">
    <ignored/>
  </testcase> <!-- @AfterSuite after -->
  <testcase classname="tests.BaseTest" name="@AfterSuite after" time="0.0">
    <ignored/>
  </testcase> <!-- @AfterSuite after -->
  <testcase classname="tests.BaseTest" name="@AfterSuite after" time="0.0">
    <ignored/>
  </testcase> <!-- @AfterSuite after -->
</testsuite> <!-- Command line test -->
