<?xml version="1.0" encoding="UTF-8"?>
<testng-results ignored="4" total="8" passed="4" failed="0" skipped="0">
  <reporter-output>
  </reporter-output>
  <suite started-at="2023-02-06T18:26:39 MSK" name="Command line suite" finished-at="2023-02-06T18:26:48 MSK" duration-ms="9169">
    <groups>
    </groups>
    <test started-at="2023-02-06T18:26:39 MSK" name="Command line test" finished-at="2023-02-06T18:26:48 MSK" duration-ms="9169">
      <class name="tests.HelpFormTest">
        <test-method is-config="true" signature="before()[pri:0, instance:tests.HelpFormTest@22825e1e]" started-at="2023-02-06T18:26:47 MSK" name="before" finished-at="2023-02-06T18:26:47 MSK" duration-ms="102" status="PASS">
          <reporter-output>
          </reporter-output>
        </test-method> <!-- before -->
        <test-method signature="test()[pri:0, instance:tests.HelpFormTest@22825e1e]" started-at="2023-02-06T18:26:47 MSK" name="test" finished-at="2023-02-06T18:26:47 MSK" duration-ms="468" status="PASS">
          <reporter-output>
          </reporter-output>
        </test-method> <!-- test -->
      </class> <!-- tests.HelpFormTest -->
      <class name="tests.BaseTest">
        <test-method is-config="true" signature="after()[pri:0, instance:tests.BaseTest@4792f119]" started-at="2023-02-06T18:26:48 MSK" name="after" finished-at="2023-02-06T18:26:48 MSK" duration-ms="318" status="PASS">
          <reporter-output>
          </reporter-output>
        </test-method> <!-- after -->
      </class> <!-- tests.BaseTest -->
      <class name="tests.FirstThreeCardsTest">
        <test-method is-config="true" signature="before()[pri:0, instance:tests.FirstThreeCardsTest@55c57422]" started-at="2023-02-06T18:26:42 MSK" name="before" finished-at="2023-02-06T18:26:43 MSK" duration-ms="105" status="PASS">
          <reporter-output>
          </reporter-output>
        </test-method> <!-- before -->
        <test-method signature="test()[pri:0, instance:tests.FirstThreeCardsTest@55c57422]" started-at="2023-02-06T18:26:43 MSK" name="test" finished-at="2023-02-06T18:26:47 MSK" duration-ms="4028" status="PASS">
          <reporter-output>
          </reporter-output>
        </test-method> <!-- test -->
      </class> <!-- tests.FirstThreeCardsTest -->
      <class name="tests.CookiesTest">
        <test-method is-config="true" signature="before()[pri:0, instance:tests.CookiesTest@2c1f8dbd]" started-at="2023-02-06T18:26:39 MSK" name="before" finished-at="2023-02-06T18:26:40 MSK" duration-ms="1101" status="PASS">
          <reporter-output>
          </reporter-output>
        </test-method> <!-- before -->
        <test-method signature="test()[pri:0, instance:tests.CookiesTest@2c1f8dbd]" started-at="2023-02-06T18:26:40 MSK" name="test" finished-at="2023-02-06T18:26:42 MSK" duration-ms="2686" status="PASS">
          <reporter-output>
          </reporter-output>
        </test-method> <!-- test -->
      </class> <!-- tests.CookiesTest -->
      <class name="tests.TimerStartTimeTest">
        <test-method is-config="true" signature="before()[pri:0, instance:tests.TimerStartTimeTest@335f5c69]" started-at="2023-02-06T18:26:47 MSK" name="before" finished-at="2023-02-06T18:26:47 MSK" duration-ms="101" status="PASS">
          <reporter-output>
          </reporter-output>
        </test-method> <!-- before -->
        <test-method signature="test()[pri:0, instance:tests.TimerStartTimeTest@335f5c69]" started-at="2023-02-06T18:26:47 MSK" name="test" finished-at="2023-02-06T18:26:48 MSK" duration-ms="439" status="PASS">
          <reporter-output>
          </reporter-output>
        </test-method> <!-- test -->
      </class> <!-- tests.TimerStartTimeTest -->
    </test> <!-- Command line test -->
  </suite> <!-- Command line suite -->
</testng-results>
