-------------------------------------------------------------------------------
Test set: TestSuite
-------------------------------------------------------------------------------
Tests run: 1, Failures: 1, Errors: 0, Skipped: 0, Time elapsed: 28.038 s <<< FAILURE! - in TestSuite
testName(test.PostTest)  Time elapsed: 16.325 s  <<< FAILURE!
java.lang.NullPointerException
	at test.PostTest.testName(PostTest.java:53)

