<?xml version="1.0" encoding="UTF-8"?>
<testsuite xmlns:xsi="http://www.w3.org/2001/XMLSchema-instance" xsi:noNamespaceSchemaLocation="https://maven.apache.org/surefire/maven-surefire-plugin/xsd/surefire-test-report.xsd" name="TestSuite" time="28.038" tests="1" errors="0" skipped="0" failures="1">
  <properties>
[...]
</properties>
  <testcase name="testName" classname="test.PostTest" time="16.325">
    <failure type="java.lang.NullPointerException">java.lang.NullPointerException
	at test.PostTest.testName(PostTest.java:53)
</failure>
    <system-out><![CDATA[2023-04-10 16:47:13 INFO  - Browser 'CHROME' ready...
2023-04-10 16:47:14 INFO  - Maximizing browser window
2023-04-10 16:47:14 INFO  - Navigate to url - 'https://vk.com/'
2023-04-10 16:47:16 INFO  - Waiting for page to load
2023-04-10 16:47:16 INFO  - Text Field 'TEXT_BOX_EMAIL' :: Sending keys '89202113428'
2023-04-10 16:47:16 INFO  - Button 'BUTTON_SIGN_IN' :: Clicking
2023-04-10 16:47:16 INFO  - Text Field 'TEXT_BOX_PASSWORD' :: Sending keys 'goritevse3'
2023-04-10 16:47:18 INFO  - Button 'BUTTON_CONTINUE' :: Clicking
2023-04-10 16:47:18 INFO  - Link 'LINK_MY_PAGE' :: Clicking
]]></system-out>
    <system-err><![CDATA[[main] INFO io.github.bonigarcia.wdm.WebDriverManager - Using chromedriver 112.0.5615.49 (resolved driver for Chrome 112)
[main] INFO io.github.bonigarcia.wdm.WebDriverManager - Exporting webdriver.chrome.driver as C:\Users\tsadist\.cache\selenium\chromedriver\win32\112.0.5615.49\chromedriver.exe
Starting ChromeDriver 112.0.5615.49 (bd2a7bcb881c11e8cfe3078709382934e3916914-refs/branch-heads/5615@{#936}) on port 22702
Only local connections are allowed.
Please see https://chromedriver.chromium.org/security-considerations for suggestions on keeping ChromeDriver safe.
ChromeDriver was started successfully.
апр. 10, 2023 4:47:13 PM org.openqa.selenium.devtools.CdpVersionFinder findNearestMatch
WARNING: Unable to find an exact match for CDP version 112, so returning the closest version found: 110
]]></system-err>
  </testcase>
</testsuite>