<?xml version="1.0" encoding="UTF-8"?>
<!-- Generated by org.testng.reporters.JUnitXMLReporter -->
<testsuite ignored="0" hostname="DESKTOP-RVKO3GI" failures="0" tests="6" name="REST_API_Tests" time="3.745" errors="0" timestamp="2023-03-21T19:52:21 MSK">
  <testcase classname="tests.RestAPITest" name="correctResponsePostRequestTest" time="2.7"/>
  <testcase classname="tests.RestAPITest" name="responseCorrectTest" time="0.074"/>
  <testcase classname="tests.RestAPITest" name="responseSortTest" time="0.097"/>
  <testcase classname="tests.RestAPITest" name="selectedUserMatchesGivenFileTest" time="0.087"/>
  <testcase classname="tests.RestAPITest" name="specifiedUserMatchesGivenFileTest" time="0.25"/>
  <testcase classname="tests.RestAPITest" name="uncorrectedResponseTest" time="0.083"/>
</testsuite> <!-- REST_API_Tests -->
