<?xml version="1.0" encoding="UTF-8"?>
<!-- Generated by org.testng.reporters.JUnitXMLReporter -->
<testsuite ignored="0" hostname="DESKTOP-RVKO3GI" failures="1" tests="1" name="VK_API_Tests" time="18.647" errors="0" timestamp="2023-04-10T16:47:32 MSK">
  <testcase classname="test.PostTest" name="testName" time="16.313">
    <failure type="java.lang.NullPointerException">
      <![CDATA[java.lang.NullPointerException
at utils.VkApiUtils.getListLike(VkApiUtils.java:134)
at test.PostTest.testName(PostTest.java:53)
at java.base/java.util.ArrayList.forEach(ArrayList.java:1541)
... Removed 31 stack frames]]>
    </failure>
  </testcase> <!-- testName -->
</testsuite> <!-- VK_API_Tests -->
